This is e-pTeX, Version 3.14159265-p3.6-141210-2.6 (utf8.euc) (TeX Live 2015/Debian) (preloaded format=platex 2016.10.8)  29 NOV 2016 16:11
entering extended mode
 restricted \write18 enabled.
 %&-line parsing enabled.
**hoge.tex
(./hoge.tex
pLaTeX2e <2006/11/10> (based on LaTeX2e <2016/02/01> patch level 0)
Babel <3.9n> and hyphenation patterns for 11 languages loaded.
(/usr/share/texlive/texmf-dist/tex/platex/base/jarticle.cls
Document Class: jarticle 2006/06/27 v1.6 Standard pLaTeX class
\c@@paper=\count81
(/usr/share/texlive/texmf-dist/tex/platex/base/jsize12.clo
File: jsize12.clo 2006/06/27 v1.6 Standard pLaTeX file (size option)
)
\c@part=\count82
\c@section=\count83
\c@subsection=\count84
\c@subsubsection=\count85
\c@paragraph=\count86
\c@subparagraph=\count87
\c@figure=\count88
\c@table=\count89
\abovecaptionskip=\skip41
\belowcaptionskip=\skip42
\symmincho=\mathgroup4
LaTeX Font Info:    Overwriting symbol font `mincho' in version `bold'
(Font)                  JY1/mc/m/n --> JY1/gt/m/n on input line 601.
\toclineskip=\dimen118
\@lnumwidth=\dimen119
\bibindent=\dimen120
\heisei=\count90
)
(/usr/share/texlive/texmf-dist/tex/latex/geometry/geometry.sty
Package: geometry 2010/09/12 v5.6 Page Geometry

(/usr/share/texlive/texmf-dist/tex/latex/graphics/keyval.sty
Package: keyval 2014/10/28 v1.15 key=value parser (DPC)
\KV@toks@=\toks15
)
(/usr/share/texlive/texmf-dist/tex/generic/oberdiek/ifpdf.sty
Package: ifpdf 2011/01/30 v2.3 Provides the ifpdf switch (HO)
Package ifpdf Info: pdfTeX in PDF mode is not detected.
)
(/usr/share/texlive/texmf-dist/tex/generic/oberdiek/ifvtex.sty
Package: ifvtex 2010/03/01 v1.5 Detect VTeX and its facilities (HO)
Package ifvtex Info: VTeX not detected.
)
(/usr/share/texlive/texmf-dist/tex/generic/ifxetex/ifxetex.sty
Package: ifxetex 2010/09/12 v0.6 Provides ifxetex conditional
)
\Gm@cnth=\count91
\Gm@cntv=\count92
\c@Gm@tempcnt=\count93
\Gm@bindingoffset=\dimen121
\Gm@wd@mp=\dimen122
\Gm@odd@mp=\dimen123
\Gm@even@mp=\dimen124
\Gm@layoutwidth=\dimen125
\Gm@layoutheight=\dimen126
\Gm@layouthoffset=\dimen127
\Gm@layoutvoffset=\dimen128
\Gm@dimlist=\toks16
)
(/usr/share/texmf/tex/latex/listings.sty
\lst@mode=\count94
\lst@gtempboxa=\box41
\lst@token=\toks17
\lst@length=\count95
\lst@currlwidth=\dimen129
\lst@column=\count96
\lst@pos=\count97
\lst@lostspace=\dimen130
\lst@width=\dimen131
\lst@newlines=\count98
\lst@lineno=\count99
\lst@maxwidth=\dimen132

(/usr/share/texmf/tex/latex/lstmisc.sty
File: lstmisc.sty 2015/06/04 1.6 (Carsten Heinz)
\c@lstnumber=\count100
\lst@skipnumbers=\count101
\lst@framebox=\box42
)
(/usr/share/texmf/tex/latex/listings.cfg
File: listings.cfg 2015/06/04 1.6 listings configuration
))
Package: listings 2015/06/04 1.6 (Carsten Heinz)

(/usr/share/texmf/tex/latex/lstlang1.sty
File: lstlang1.sty 2015/06/04 1.6 listings language file
) (./hoge.aux)
\openout1 = `hoge.aux'.

LaTeX Font Info:    Checking defaults for OML/cmm/m/it on input line 33.
LaTeX Font Info:    ... okay on input line 33.
LaTeX Font Info:    Checking defaults for T1/cmr/m/n on input line 33.
LaTeX Font Info:    ... okay on input line 33.
LaTeX Font Info:    Checking defaults for OT1/cmr/m/n on input line 33.
LaTeX Font Info:    ... okay on input line 33.
LaTeX Font Info:    Checking defaults for OMS/cmsy/m/n on input line 33.
LaTeX Font Info:    ... okay on input line 33.
LaTeX Font Info:    Checking defaults for OMX/cmex/m/n on input line 33.
LaTeX Font Info:    ... okay on input line 33.
LaTeX Font Info:    Checking defaults for U/cmr/m/n on input line 33.
LaTeX Font Info:    ... okay on input line 33.
LaTeX Font Info:    Checking defaults for JY1/mc/m/n on input line 33.
LaTeX Font Info:    ... okay on input line 33.
LaTeX Font Info:    Checking defaults for JT1/mc/m/n on input line 33.
LaTeX Font Info:    ... okay on input line 33.

*geometry* driver: auto-detecting
*geometry* detected driver: dvips
*geometry* verbose mode - [ preamble ] result:
* driver: dvips
* paper: a4paper
* layout: <same size as paper>
* layoutoffset:(h,v)=(0.0pt,0.0pt)
* modes: 
* h-part:(L,W,R)=(71.13188pt, 455.24411pt, 71.13188pt)
* v-part:(T,H,B)=(71.13188pt, 702.78308pt, 71.13188pt)
* \paperwidth=597.50787pt
* \paperheight=845.04684pt
* \textwidth=455.24411pt
* \textheight=702.78308pt
* \oddsidemargin=-1.1381pt
* \evensidemargin=-1.1381pt
* \topmargin=-38.1381pt
* \headheight=12.0pt
* \headsep=25.0pt
* \topskip=9.33105pt
* \footskip=30.0pt
* \marginparwidth=83.0pt
* \marginparsep=10.0pt
* \columnsep=10.0pt
* \skip\footins=10.8pt plus 4.0pt minus 2.0pt
* \hoffset=0.0pt
* \voffset=0.0pt
* \mag=1000
* \@twocolumnfalse
* \@twosidefalse
* \@mparswitchfalse
* \@reversemarginfalse
* (1in=72.27pt=25.4mm, 1cm=28.453pt)

\c@lstlisting=\count102
LaTeX Font Info:    External font `cmex10' loaded for size
(Font)              <17.28> on input line 34.
LaTeX Font Info:    External font `cmex10' loaded for size
(Font)              <12> on input line 34.
[1

]
\c@mpl=\count103
LaTeX Font Info:    Font shape `JT1/mc/bx/n' in size <17.28> not available
(Font)              Font shape `JT1/gt/m/n' tried instead on input line 40.
LaTeX Font Info:    Font shape `JY1/mc/bx/n' in size <17.28> not available
(Font)              Font shape `JY1/gt/m/n' tried instead on input line 40.
 (./hoge.toc
LaTeX Font Info:    Font shape `JT1/mc/bx/n' in size <12> not available
(Font)              Font shape `JT1/gt/m/n' tried instead on input line 1.
LaTeX Font Info:    Font shape `JY1/mc/bx/n' in size <12> not available
(Font)              Font shape `JY1/gt/m/n' tried instead on input line 1.
LaTeX Font Info:    External font `cmex10' loaded for size
(Font)              <8> on input line 2.
LaTeX Font Info:    External font `cmex10' loaded for size
(Font)              <6> on input line 2.
)
\tf@toc=\write3
\openout3 = `hoge.toc'.

 [1]
LaTeX Font Info:    Font shape `JT1/mc/bx/n' in size <14.4> not available
(Font)              Font shape `JT1/gt/m/n' tried instead on input line 44.
LaTeX Font Info:    Font shape `JY1/mc/bx/n' in size <14.4> not available
(Font)              Font shape `JY1/gt/m/n' tried instead on input line 44.
 [2

] (./main.py

LaTeX Font Warning: Font shape `JT1/mc/m/it' undefined
(Font)              using `JT1/mc/m/n' instead on input line 1.


LaTeX Font Warning: Font shape `JY1/mc/m/it' undefined
(Font)              using `JY1/mc/m/n' instead on input line 1.

LaTeX Font Info:    Try loading font information for OMS+cmr on input line 1.
(/usr/share/texlive/texmf-dist/tex/latex/base/omscmr.fd
File: omscmr.fd 2014/09/29 v2.5h Standard LaTeX font definitions
)
LaTeX Font Info:    Font shape `OMS/cmr/m/it' in size <12> not available
(Font)              Font shape `OMS/cmsy/m/n' tried instead on input line 1.

Overfull \hbox (17.10507pt too wide) in paragraph at lines 6--8
[][][][][][][][][][][][][][][][][][][][][][][] 
 []

LaTeX Font Info:    Font shape `OMS/cmr/m/n' in size <12> not available
(Font)              Font shape `OMS/cmsy/m/n' tried instead on input line 17.
[3]
Overfull \hbox (80.55496pt too wide) in paragraph at lines 19--21
[][][][][][][][][][][][][][][][] 
 []


Overfull \hbox (3.0051pt too wide) in paragraph at lines 28--30
[][][][][][][][][][][][][][][][][][][][][][][][][][] 
 []

)
Overfull \hbox (165.15482pt too wide) in paragraph at lines 34--105
[][][][][][][][][][][][][][][][][][][][][][][][][][][][][][][][][][][][][][][] 

 []

[4] [5] (./hoge.aux)

LaTeX Font Warning: Some font shapes were not available, defaults substituted.

 ) 
Here is how much of TeX's memory you used:
 2281 strings out of 494865
 31386 string characters out of 6179769
 130442 words of memory out of 5000000
 5732 multiletter control sequences out of 15000+600000
 15889 words of font info for 61 fonts, out of 8000000 for 9000
 264 hyphenation exceptions out of 8191
 29i,9n,40p,204b,1587s stack positions out of 5000i,500n,10000p,200000b,80000s

Output written on hoge.dvi (6 pages, 14704 bytes).
